2024-03-14 00:52:58.093  INFO DML-BQ0YTL3
			--- [ main] s.j.l.SpringbootLog4jApplication         : Starting SpringbootLog4jApplication using Java 17.0.2 with PID 5920 (C:\Haridas\Workspace\TheGeekPlanets\springboot-log4j\target\classes started by hkanure in C:\Haridas\Workspace\TheGeekPlanets\springboot-log4j)
2024-03-14 00:52:58.104  INFO DML-BQ0YTL3
			--- [ main] s.j.l.SpringbootLog4jApplication         : No active profile set, falling back to 1 default profile: "default"
2024-03-14 00:52:59.096  INFO DML-BQ0YTL3
			--- [ main] o.s.b.w.e.t.TomcatWebServer              : Tomcat initialized with port 8080 (http)
2024-03-14 00:52:59.106  INFO DML-BQ0YTL3
			--- [ main] o.a.c.h.Http11NioProtocol                : Initializing ProtocolHandler ["http-nio-8080"]
2024-03-14 00:52:59.108  INFO DML-BQ0YTL3
			--- [ main] o.a.c.c.StandardService                  : Starting service [Tomcat]
2024-03-14 00:52:59.108  INFO DML-BQ0YTL3
			--- [ main] o.a.c.c.StandardEngine                   : Starting Servlet engine: [Apache Tomcat/10.1.19]
2024-03-14 00:52:59.164  INFO DML-BQ0YTL3
			--- [ main] o.a.c.c.C.[.[.[/]                        : Initializing Spring embedded WebApplicationContext
2024-03-14 00:52:59.167  INFO DML-BQ0YTL3
			--- [ main] w.s.c.ServletWebServerApplicationContext : Root WebApplicationContext: initialization completed in 1026 ms
2024-03-14 00:53:00.095  INFO DML-BQ0YTL3
			--- [ main] o.a.c.h.Http11NioProtocol                : Starting ProtocolHandler ["http-nio-8080"]
2024-03-14 00:53:00.127  INFO DML-BQ0YTL3
			--- [ main] o.s.b.w.e.t.TomcatWebServer              : Tomcat started on port 8080 (http) with context path ''
2024-03-14 00:53:00.137  INFO DML-BQ0YTL3
			--- [ main] s.j.l.SpringbootLog4jApplication         : Started SpringbootLog4jApplication in 2.336 seconds (process running for 3.039)
2024-03-14 00:53:53.464  INFO DML-BQ0YTL3
			--- [nio-8080-exec-1] o.a.c.c.C.[.[.[/]                        : Initializing Spring DispatcherServlet 'dispatcherServlet'
2024-03-14 00:53:53.464  INFO DML-BQ0YTL3
			--- [nio-8080-exec-1] o.s.w.s.DispatcherServlet                : Initializing Servlet 'dispatcherServlet'
2024-03-14 00:53:53.465  INFO DML-BQ0YTL3
			--- [nio-8080-exec-1] o.s.w.s.DispatcherServlet                : Completed initialization in 1 ms
2024-03-14 00:53:53.865  INFO DML-BQ0YTL3
			--- [nio-8080-exec-3] o.s.a.AbstractOpenApiResource            : Init duration for springdoc-openapi is: 196 ms
2024-03-14 00:54:00.297  INFO DML-BQ0YTL3
			--- [nio-8080-exec-4] s.j.l.c.SampleRestController             : Info level log message
2024-03-14 00:54:00.298 ERROR DML-BQ0YTL3
			--- [nio-8080-exec-4] s.j.l.c.SampleRestController             : Error level log message
2024-03-14 00:54:25.530  INFO DML-BQ0YTL3
			--- [nio-8080-exec-5] s.j.l.c.SampleRestController             : Info level log message
2024-03-14 00:54:25.530 ERROR DML-BQ0YTL3
			--- [nio-8080-exec-5] s.j.l.c.SampleRestController             : Error level log message
