2024-03-14 00:55:12.741  INFO DML-BQ0YTL3
			--- [ main] s.j.l.SpringbootLog4jApplication         : Starting SpringbootLog4jApplication using Java 17.0.2 with PID 15768 (C:\Haridas\Workspace\TheGeekPlanets\springboot-log4j\target\classes started by hkanure in C:\Haridas\Workspace\TheGeekPlanets\springboot-log4j)
2024-03-14 00:55:12.755  INFO DML-BQ0YTL3
			--- [ main] s.j.l.SpringbootLog4jApplication         : No active profile set, falling back to 1 default profile: "default"
2024-03-14 00:55:13.765  INFO DML-BQ0YTL3
			--- [ main] o.s.b.w.e.t.TomcatWebServer              : Tomcat initialized with port 8080 (http)
2024-03-14 00:55:13.775  INFO DML-BQ0YTL3
			--- [ main] o.a.c.h.Http11NioProtocol                : Initializing ProtocolHandler ["http-nio-8080"]
2024-03-14 00:55:13.778  INFO DML-BQ0YTL3
			--- [ main] o.a.c.c.StandardService                  : Starting service [Tomcat]
2024-03-14 00:55:13.778  INFO DML-BQ0YTL3
			--- [ main] o.a.c.c.StandardEngine                   : Starting Servlet engine: [Apache Tomcat/10.1.19]
2024-03-14 00:55:13.836  INFO DML-BQ0YTL3
			--- [ main] o.a.c.c.C.[.[.[/]                        : Initializing Spring embedded WebApplicationContext
2024-03-14 00:55:13.838  INFO DML-BQ0YTL3
			--- [ main] w.s.c.ServletWebServerApplicationContext : Root WebApplicationContext: initialization completed in 1043 ms
2024-03-14 00:55:14.921  INFO DML-BQ0YTL3
			--- [ main] o.a.c.h.Http11NioProtocol                : Starting ProtocolHandler ["http-nio-8080"]
2024-03-14 00:55:14.946  INFO DML-BQ0YTL3
			--- [ main] o.s.b.w.e.t.TomcatWebServer              : Tomcat started on port 8080 (http) with context path ''
2024-03-14 00:55:14.957  INFO DML-BQ0YTL3
			--- [ main] s.j.l.SpringbootLog4jApplication         : Started SpringbootLog4jApplication in 2.595 seconds (process running for 3.337)
